2026-03-26 22:34:50,646 - INFO - Ingesting {file} in db
2026-03-26 22:35:18,101 - INFO - Ingesting {file} in db
2026-03-26 22:35:18,177 - INFO - Ingesting {file} in db
2026-03-26 22:35:18,349 - INFO - Ingesting {file} in db
2026-03-26 22:35:19,447 - INFO - Ingesting {file} in db
2026-03-26 22:35:32,707 - INFO - Ingesting {file} in db
2026-03-26 22:44:53,784 - INFO - Ingesting purchases.csv in db
2026-03-26 22:46:15,795 - INFO - Ingesting purchase_prices.csv in db
2026-03-26 22:46:15,943 - INFO - Ingesting vendor_invoice.csv in db
2026-03-26 22:46:16,172 - INFO - Ingesting begin_inventory.csv in db
2026-03-26 22:46:17,440 - INFO - Ingesting end_inventory.csv in db
2026-03-26 22:46:33,100 - INFO - Ingesting sales.csv in db
2026-03-26 23:16:36,217 - INFO - Ingesting purchases.csv in db
2026-03-26 23:18:12,327 - INFO - Ingesting purchase_prices.csv in db
2026-03-26 23:18:12,496 - INFO - Ingesting vendor_invoice.csv in db
2026-03-26 23:18:12,719 - INFO - Ingesting begin_inventory.csv in db
2026-03-26 23:18:14,048 - INFO - Ingesting end_inventory.csv in db
2026-03-26 23:18:27,472 - INFO - Ingesting sales.csv in db
2026-03-26 23:31:43,264 - INFO - ----------Ingestion Complete----------
2026-03-26 23:31:43,271 - INFO - Total Time Taken: {total_time} minutes
2026-03-26 23:37:17,404 - INFO - Ingesting purchases.csv in db
2026-03-26 23:39:27,694 - INFO - Ingesting purchases.csv in db
2026-03-26 23:40:11,321 - INFO - Ingesting purchase_prices.csv in db
2026-03-26 23:40:11,491 - INFO - Ingesting vendor_invoice.csv in db
2026-03-26 23:40:11,733 - INFO - Ingesting begin_inventory.csv in db
2026-03-26 23:40:13,041 - INFO - Ingesting end_inventory.csv in db
2026-03-26 23:40:39,360 - INFO - Ingesting sales.csv in db
2026-03-27 01:25:16,379 - INFO - Ingesting purchases.csv in db
2026-03-27 01:25:44,301 - INFO - Ingesting purchase_prices.csv in db
2026-03-27 01:25:44,373 - INFO - Ingesting vendor_invoice.csv in db
2026-03-27 01:25:44,572 - INFO - Ingesting begin_inventory.csv in db
2026-03-27 01:25:45,630 - INFO - Ingesting end_inventory.csv in db
2026-03-27 01:26:00,092 - INFO - Ingesting sales.csv in db
2026-03-27 01:26:47,010 - INFO - Ingesting purchases.csv in db
2026-03-27 01:28:16,665 - INFO - Ingesting purchase_prices.csv in db
2026-03-27 01:28:16,873 - INFO - Ingesting vendor_invoice.csv in db
2026-03-27 01:28:17,131 - INFO - Ingesting begin_inventory.csv in db
2026-03-27 01:28:19,482 - INFO - Ingesting end_inventory.csv in db
2026-03-27 01:28:34,582 - INFO - Ingesting sales.csv in db
2026-03-27 02:04:32,351 - INFO - Ingesting purchases.csv in db
2026-03-27 02:04:57,761 - INFO - Ingesting purchase_prices.csv in db
2026-03-27 02:04:57,834 - INFO - Ingesting vendor_invoice.csv in db
2026-03-27 02:04:58,010 - INFO - Ingesting begin_inventory.csv in db
2026-03-27 02:04:59,062 - INFO - Ingesting end_inventory.csv in db
2026-03-27 02:05:11,614 - INFO - Ingesting purchases.csv in db
2026-03-27 02:05:13,145 - INFO - Ingesting sales.csv in db
2026-03-27 02:06:09,985 - INFO - Ingesting purchase_prices.csv in db
2026-03-27 02:06:10,108 - INFO - Ingesting vendor_invoice.csv in db
2026-03-27 02:06:10,316 - INFO - Ingesting begin_inventory.csv in db
2026-03-27 02:06:11,484 - INFO - Ingesting end_inventory.csv in db
2026-03-27 02:06:27,356 - INFO - Ingesting sales.csv in db
2026-03-27 10:56:41,637 - INFO - Ingesting purchases.csv in db
2026-03-27 10:57:11,168 - INFO - Ingesting purchase_prices.csv in db
2026-03-27 10:57:11,243 - INFO - Ingesting vendor_invoice.csv in db
2026-03-27 10:57:11,423 - INFO - Ingesting begin_inventory.csv in db
2026-03-27 10:57:12,525 - INFO - Ingesting end_inventory.csv in db
2026-03-27 10:57:25,663 - INFO - Ingesting sales.csv in db
2026-03-27 11:13:00,355 - INFO - ----------Ingestion Complete----------
2026-03-27 11:13:00,362 - INFO - Total Time Taken: {total_time} minutes
2026-03-27 15:26:02,409 - INFO - Creating Vendor Summary Table....
2026-03-27 15:31:23,579 - INFO - Creating Vendor Summary Table....
2026-03-27 15:33:13,965 - INFO - Creating Vendor Summary Table....
2026-03-27 15:33:48,030 - INFO -    VendorNumber                   VendorName  Brand              Description  \
0          1128  BROWN-FORMAN CORP             1233  Jack Daniels No 7 Black   
1          4425        MARTIGNETTI COMPANIES   3405    Tito's Handmade Vodka   
2         17035  PERNOD RICARD USA             8068         Absolut 80 Proof   
3          3960  DIAGEO NORTH AMERICA INC      4261   Capt Morgan Spiced Rum   
4          3960  DIAGEO NORTH AMERICA INC      3545          Ketel One Vodka   

   PurchasePrice  ActualPrice Volume  TotalPurchaseQuantity  \
0          26.27        36.99   1750                 145080   
1          23.19        28.99   1750                 164038   
2          18.24        24.99   1750                 187407   
3          16.17        22.99   1750                 201682   
4          21.89        29.99   1750                 138109   

   TotalPurchaseDollars  TotalSalesQuantity  TotalSalesDollars  \
0            3811251.60            142049.0         5101919.51   
1            3804041.22            160247.0         4819073.49   
2            3418303.68            187140.0         4538120.60   
3            3261197.94            200412.0         4475972.88   
4            3023206.01            135838.0         4223107.62   

   TotalSalesPrice  TotalExciseTax  FreightCost  
0        672819.31       260999.20     68601.68  
1        561512.37       294438.66    144929.24  
2        461140.15       343854.07    123780.22  
3        420050.01       368242.80    257032.07  
4        545778.28       249587.83    257032.07  
2026-03-27 15:33:48,086 - INFO - Cleaning Data....
2026-03-27 15:33:48,174 - INFO -    VendorNumber                VendorName  Brand              Description  \
0          1128         BROWN-FORMAN CORP   1233  Jack Daniels No 7 Black   
1          4425     MARTIGNETTI COMPANIES   3405    Tito's Handmade Vodka   
2         17035         PERNOD RICARD USA   8068         Absolut 80 Proof   
3          3960  DIAGEO NORTH AMERICA INC   4261   Capt Morgan Spiced Rum   
4          3960  DIAGEO NORTH AMERICA INC   3545          Ketel One Vodka   

   PurchasePrice  ActualPrice  Volume  TotalPurchaseQuantity  \
0          26.27        36.99  1750.0                 145080   
1          23.19        28.99  1750.0                 164038   
2          18.24        24.99  1750.0                 187407   
3          16.17        22.99  1750.0                 201682   
4          21.89        29.99  1750.0                 138109   

   TotalPurchaseDollars  TotalSalesQuantity  TotalSalesDollars  \
0            3811251.60            142049.0         5101919.51   
1            3804041.22            160247.0         4819073.49   
2            3418303.68            187140.0         4538120.60   
3            3261197.94            200412.0         4475972.88   
4            3023206.01            135838.0         4223107.62   

   TotalSalesPrice  TotalExciseTax  FreightCost  
0        672819.31       260999.20     68601.68  
1        561512.37       294438.66    144929.24  
2        461140.15       343854.07    123780.22  
3        420050.01       368242.80    257032.07  
4        545778.28       249587.83    257032.07  
2026-03-27 15:33:48,176 - INFO - Ingesting data....
2026-03-27 15:33:48,222 - INFO - Completed
2026-03-27 15:34:44,118 - INFO - Creating Vendor Summary Table....
2026-03-27 15:35:09,140 - INFO -    VendorNumber                   VendorName  Brand              Description  \
0          1128  BROWN-FORMAN CORP             1233  Jack Daniels No 7 Black   
1          4425        MARTIGNETTI COMPANIES   3405    Tito's Handmade Vodka   
2         17035  PERNOD RICARD USA             8068         Absolut 80 Proof   
3          3960  DIAGEO NORTH AMERICA INC      4261   Capt Morgan Spiced Rum   
4          3960  DIAGEO NORTH AMERICA INC      3545          Ketel One Vodka   

   PurchasePrice  ActualPrice Volume  TotalPurchaseQuantity  \
0          26.27        36.99   1750                 145080   
1          23.19        28.99   1750                 164038   
2          18.24        24.99   1750                 187407   
3          16.17        22.99   1750                 201682   
4          21.89        29.99   1750                 138109   

   TotalPurchaseDollars  TotalSalesQuantity  TotalSalesDollars  \
0            3811251.60            142049.0         5101919.51   
1            3804041.22            160247.0         4819073.49   
2            3418303.68            187140.0         4538120.60   
3            3261197.94            200412.0         4475972.88   
4            3023206.01            135838.0         4223107.62   

   TotalSalesPrice  TotalExciseTax  FreightCost  
0        672819.31       260999.20     68601.68  
1        561512.37       294438.66    144929.24  
2        461140.15       343854.07    123780.22  
3        420050.01       368242.80    257032.07  
4        545778.28       249587.83    257032.07  
2026-03-27 15:35:09,155 - INFO - Cleaning Data....
2026-03-27 15:35:09,176 - INFO -    VendorNumber                VendorName  Brand              Description  \
0          1128         BROWN-FORMAN CORP   1233  Jack Daniels No 7 Black   
1          4425     MARTIGNETTI COMPANIES   3405    Tito's Handmade Vodka   
2         17035         PERNOD RICARD USA   8068         Absolut 80 Proof   
3          3960  DIAGEO NORTH AMERICA INC   4261   Capt Morgan Spiced Rum   
4          3960  DIAGEO NORTH AMERICA INC   3545          Ketel One Vodka   

   PurchasePrice  ActualPrice  Volume  TotalPurchaseQuantity  \
0          26.27        36.99  1750.0                 145080   
1          23.19        28.99  1750.0                 164038   
2          18.24        24.99  1750.0                 187407   
3          16.17        22.99  1750.0                 201682   
4          21.89        29.99  1750.0                 138109   

   TotalPurchaseDollars  TotalSalesQuantity  TotalSalesDollars  \
0            3811251.60            142049.0         5101919.51   
1            3804041.22            160247.0         4819073.49   
2            3418303.68            187140.0         4538120.60   
3            3261197.94            200412.0         4475972.88   
4            3023206.01            135838.0         4223107.62   

   TotalSalesPrice  TotalExciseTax  FreightCost  
0        672819.31       260999.20     68601.68  
1        561512.37       294438.66    144929.24  
2        461140.15       343854.07    123780.22  
3        420050.01       368242.80    257032.07  
4        545778.28       249587.83    257032.07  
2026-03-27 15:35:09,177 - INFO - Ingesting data....
2026-03-27 15:35:09,210 - INFO - Completed
2026-03-27 20:33:47,993 - INFO - Creating Vendor Summary Table....
2026-03-27 20:34:13,716 - INFO -    VendorNumber                   VendorName  Brand              Description  \
0          1128  BROWN-FORMAN CORP             1233  Jack Daniels No 7 Black   
1          4425        MARTIGNETTI COMPANIES   3405    Tito's Handmade Vodka   
2         17035  PERNOD RICARD USA             8068         Absolut 80 Proof   
3          3960  DIAGEO NORTH AMERICA INC      4261   Capt Morgan Spiced Rum   
4          3960  DIAGEO NORTH AMERICA INC      3545          Ketel One Vodka   

   PurchasePrice  ActualPrice Volume  TotalPurchaseQuantity  \
0          26.27        36.99   1750                 145080   
1          23.19        28.99   1750                 164038   
2          18.24        24.99   1750                 187407   
3          16.17        22.99   1750                 201682   
4          21.89        29.99   1750                 138109   

   TotalPurchaseDollars  TotalSalesQuantity  TotalSalesDollars  \
0            3811251.60            142049.0         5101919.51   
1            3804041.22            160247.0         4819073.49   
2            3418303.68            187140.0         4538120.60   
3            3261197.94            200412.0         4475972.88   
4            3023206.01            135838.0         4223107.62   

   TotalSalesPrice  TotalExciseTax  FreightCost  
0        672819.31       260999.20     68601.68  
1        561512.37       294438.66    144929.24  
2        461140.15       343854.07    123780.22  
3        420050.01       368242.80    257032.07  
4        545778.28       249587.83    257032.07  
2026-03-27 20:34:13,750 - INFO - Cleaning Data....
2026-03-27 20:34:13,796 - INFO -    VendorNumber                VendorName  Brand              Description  \
0          1128         BROWN-FORMAN CORP   1233  Jack Daniels No 7 Black   
1          4425     MARTIGNETTI COMPANIES   3405    Tito's Handmade Vodka   
2         17035         PERNOD RICARD USA   8068         Absolut 80 Proof   
3          3960  DIAGEO NORTH AMERICA INC   4261   Capt Morgan Spiced Rum   
4          3960  DIAGEO NORTH AMERICA INC   3545          Ketel One Vodka   

   PurchasePrice  ActualPrice  Volume  TotalPurchaseQuantity  \
0          26.27        36.99  1750.0                 145080   
1          23.19        28.99  1750.0                 164038   
2          18.24        24.99  1750.0                 187407   
3          16.17        22.99  1750.0                 201682   
4          21.89        29.99  1750.0                 138109   

   TotalPurchaseDollars  TotalSalesQuantity  TotalSalesDollars  \
0            3811251.60            142049.0         5101919.51   
1            3804041.22            160247.0         4819073.49   
2            3418303.68            187140.0         4538120.60   
3            3261197.94            200412.0         4475972.88   
4            3023206.01            135838.0         4223107.62   

   TotalSalesPrice  TotalExciseTax  FreightCost  
0        672819.31       260999.20     68601.68  
1        561512.37       294438.66    144929.24  
2        461140.15       343854.07    123780.22  
3        420050.01       368242.80    257032.07  
4        545778.28       249587.83    257032.07  
2026-03-27 20:34:13,798 - INFO - Ingesting data....
2026-03-27 20:34:13,837 - INFO - Completed
2026-03-27 20:45:33,541 - INFO - Creating Vendor Summary Table....
2026-03-27 20:45:59,049 - INFO -    VendorNumber                   VendorName  Brand              Description  \
0          1128  BROWN-FORMAN CORP             1233  Jack Daniels No 7 Black   
1          4425        MARTIGNETTI COMPANIES   3405    Tito's Handmade Vodka   
2         17035  PERNOD RICARD USA             8068         Absolut 80 Proof   
3          3960  DIAGEO NORTH AMERICA INC      4261   Capt Morgan Spiced Rum   
4          3960  DIAGEO NORTH AMERICA INC      3545          Ketel One Vodka   

   PurchasePrice  ActualPrice Volume  TotalPurchaseQuantity  \
0          26.27        36.99   1750                 145080   
1          23.19        28.99   1750                 164038   
2          18.24        24.99   1750                 187407   
3          16.17        22.99   1750                 201682   
4          21.89        29.99   1750                 138109   

   TotalPurchaseDollars  TotalSalesQuantity  TotalSalesDollars  \
0            3811251.60            142049.0         5101919.51   
1            3804041.22            160247.0         4819073.49   
2            3418303.68            187140.0         4538120.60   
3            3261197.94            200412.0         4475972.88   
4            3023206.01            135838.0         4223107.62   

   TotalSalesPrice  TotalExciseTax  FreightCost  
0        672819.31       260999.20     68601.68  
1        561512.37       294438.66    144929.24  
2        461140.15       343854.07    123780.22  
3        420050.01       368242.80    257032.07  
4        545778.28       249587.83    257032.07  
2026-03-27 20:45:59,056 - INFO - Cleaning Data....
2026-03-27 20:45:59,092 - INFO -    VendorNumber                VendorName  Brand              Description  \
0          1128         BROWN-FORMAN CORP   1233  Jack Daniels No 7 Black   
1          4425     MARTIGNETTI COMPANIES   3405    Tito's Handmade Vodka   
2         17035         PERNOD RICARD USA   8068         Absolut 80 Proof   
3          3960  DIAGEO NORTH AMERICA INC   4261   Capt Morgan Spiced Rum   
4          3960  DIAGEO NORTH AMERICA INC   3545          Ketel One Vodka   

   PurchasePrice  ActualPrice  Volume  TotalPurchaseQuantity  \
0          26.27        36.99  1750.0                 145080   
1          23.19        28.99  1750.0                 164038   
2          18.24        24.99  1750.0                 187407   
3          16.17        22.99  1750.0                 201682   
4          21.89        29.99  1750.0                 138109   

   TotalPurchaseDollars  TotalSalesQuantity  TotalSalesDollars  \
0            3811251.60            142049.0         5101919.51   
1            3804041.22            160247.0         4819073.49   
2            3418303.68            187140.0         4538120.60   
3            3261197.94            200412.0         4475972.88   
4            3023206.01            135838.0         4223107.62   

   TotalSalesPrice  TotalExciseTax  FreightCost  
0        672819.31       260999.20     68601.68  
1        561512.37       294438.66    144929.24  
2        461140.15       343854.07    123780.22  
3        420050.01       368242.80    257032.07  
4        545778.28       249587.83    257032.07  
2026-03-27 20:45:59,094 - INFO - Columns after cleaning: ['VendorNumber', 'VendorName', 'Brand', 'Description', 'PurchasePrice', 'ActualPrice', 'Volume', 'TotalPurchaseQuantity', 'TotalPurchaseDollars', 'TotalSalesQuantity', 'TotalSalesDollars', 'TotalSalesPrice', 'TotalExciseTax', 'FreightCost']
2026-03-27 20:45:59,094 - INFO - Ingesting data....
2026-03-27 20:45:59,130 - INFO - Completed
2026-03-27 20:52:34,109 - INFO - ========== START CREATING VENDOR SUMMARY ==========
2026-03-27 20:52:34,112 - INFO - Creating Vendor Summary Table....
2026-03-27 20:53:00,368 - INFO - Created summary with 10,692 rows
2026-03-27 20:53:00,368 - INFO - Cleaning Data and calculating metrics....
2026-03-27 20:53:00,426 - INFO - Columns after cleaning: ['VendorNumber', 'VendorName', 'Brand', 'Description', 'PurchasePrice', 'ActualPrice', 'Volume', 'TotalPurchaseQuantity', 'TotalPurchaseDollars', 'TotalSalesQuantity', 'TotalSalesDollars', 'TotalSalesPrice', 'TotalExciseTax', 'FreightCost', 'GrossProfit', 'ProfitMargin', 'StockTurnover', 'SalesToPurchaseRatio']
2026-03-27 20:53:00,426 - INFO - First 5 rows after cleaning:
2026-03-27 20:53:00,433 - INFO -    VendorNumber                VendorName  Brand              Description  PurchasePrice  ActualPrice  Volume  TotalPurchaseQuantity  TotalPurchaseDollars  TotalSalesQuantity  TotalSalesDollars  TotalSalesPrice  TotalExciseTax  FreightCost  GrossProfit  ProfitMargin  StockTurnover  SalesToPurchaseRatio
0          1128         BROWN-FORMAN CORP   1233  Jack Daniels No 7 Black          26.27        36.99  1750.0                 145080            3811251.60            142049.0         5101919.51        672819.31       260999.20     68601.68   1290667.91     25.297693       0.979108              1.338647
1          4425     MARTIGNETTI COMPANIES   3405    Tito's Handmade Vodka          23.19        28.99  1750.0                 164038            3804041.22            160247.0         4819073.49        561512.37       294438.66    144929.24   1015032.27     21.062810       0.976890              1.266830
2         17035         PERNOD RICARD USA   8068         Absolut 80 Proof          18.24        24.99  1750.0                 187407            3418303.68            187140.0         4538120.60        461140.15       343854.07    123780.22   1119816.92     24.675786       0.998575              1.327594
3          3960  DIAGEO NORTH AMERICA INC   4261   Capt Morgan Spiced Rum          16.17        22.99  1750.0                 201682            3261197.94            200412.0         4475972.88        420050.01       368242.80    257032.07   1214774.94     27.139908       0.993703              1.372493
4          3960  DIAGEO NORTH AMERICA INC   3545          Ketel One Vodka          21.89        29.99  1750.0                 138109            3023206.01            135838.0         4223107.62        545778.28       249587.83    257032.07   1199901.61     28.412764       0.983556              1.396897
2026-03-27 20:53:00,433 - INFO - Ingesting data into vendor_sales_summary table....
2026-03-27 20:53:00,482 - INFO - ========== PROCESS COMPLETED SUCCESSFULLY ==========
2026-03-27 21:01:22,256 - INFO - Creating Vendor Summary Table....
2026-03-27 21:01:48,173 - INFO -    VendorNumber                   VendorName  Brand              Description  \
0          1128  BROWN-FORMAN CORP             1233  Jack Daniels No 7 Black   
1          4425        MARTIGNETTI COMPANIES   3405    Tito's Handmade Vodka   
2         17035  PERNOD RICARD USA             8068         Absolut 80 Proof   
3          3960  DIAGEO NORTH AMERICA INC      4261   Capt Morgan Spiced Rum   
4          3960  DIAGEO NORTH AMERICA INC      3545          Ketel One Vodka   

   PurchasePrice  ActualPrice Volume  TotalPurchaseQuantity  \
0          26.27        36.99   1750                 145080   
1          23.19        28.99   1750                 164038   
2          18.24        24.99   1750                 187407   
3          16.17        22.99   1750                 201682   
4          21.89        29.99   1750                 138109   

   TotalPurchaseDollars  TotalSalesQuantity  TotalSalesDollars  \
0            3811251.60            142049.0         5101919.51   
1            3804041.22            160247.0         4819073.49   
2            3418303.68            187140.0         4538120.60   
3            3261197.94            200412.0         4475972.88   
4            3023206.01            135838.0         4223107.62   

   TotalSalesPrice  TotalExciseTax  FreightCost  
0        672819.31       260999.20     68601.68  
1        561512.37       294438.66    144929.24  
2        461140.15       343854.07    123780.22  
3        420050.01       368242.80    257032.07  
4        545778.28       249587.83    257032.07  
2026-03-27 21:01:48,180 - INFO - Cleaning Data....
2026-03-27 21:05:47,577 - ERROR - No such comm target registered: jupyter.widget.control
2026-03-27 21:05:47,589 - WARNING - No such comm: aacdfb20-88aa-45e3-b153-e38a053a6fdb
2026-03-27 21:05:47,590 - DEBUG - Current comms: []
2026-03-27 21:10:04,849 - INFO - Creating Vendor Summary Table....
2026-03-27 21:10:34,797 - INFO -    VendorNumber                   VendorName  Brand              Description  \
0          1128  BROWN-FORMAN CORP             1233  Jack Daniels No 7 Black   
1          4425        MARTIGNETTI COMPANIES   3405    Tito's Handmade Vodka   
2         17035  PERNOD RICARD USA             8068         Absolut 80 Proof   
3          3960  DIAGEO NORTH AMERICA INC      4261   Capt Morgan Spiced Rum   
4          3960  DIAGEO NORTH AMERICA INC      3545          Ketel One Vodka   

   PurchasePrice  ActualPrice Volume  TotalPurchaseQuantity  \
0          26.27        36.99   1750                 145080   
1          23.19        28.99   1750                 164038   
2          18.24        24.99   1750                 187407   
3          16.17        22.99   1750                 201682   
4          21.89        29.99   1750                 138109   

   TotalPurchaseDollars  TotalSalesQuantity  TotalSalesDollars  \
0            3811251.60            142049.0         5101919.51   
1            3804041.22            160247.0         4819073.49   
2            3418303.68            187140.0         4538120.60   
3            3261197.94            200412.0         4475972.88   
4            3023206.01            135838.0         4223107.62   

   TotalSalesPrice  TotalExciseTax  FreightCost  
0        672819.31       260999.20     68601.68  
1        561512.37       294438.66    144929.24  
2        461140.15       343854.07    123780.22  
3        420050.01       368242.80    257032.07  
4        545778.28       249587.83    257032.07  
2026-03-27 21:10:34,809 - INFO - Cleaning Data....
2026-03-27 21:17:05,935 - INFO - Creating Vendor Summary Table....
2026-03-27 21:17:38,075 - INFO -    VendorNumber                   VendorName  Brand              Description  \
0          1128  BROWN-FORMAN CORP             1233  Jack Daniels No 7 Black   
1          4425        MARTIGNETTI COMPANIES   3405    Tito's Handmade Vodka   
2         17035  PERNOD RICARD USA             8068         Absolut 80 Proof   
3          3960  DIAGEO NORTH AMERICA INC      4261   Capt Morgan Spiced Rum   
4          3960  DIAGEO NORTH AMERICA INC      3545          Ketel One Vodka   

   PurchasePrice  ActualPrice Volume  TotalPurchaseQuantity  \
0          26.27        36.99   1750                 145080   
1          23.19        28.99   1750                 164038   
2          18.24        24.99   1750                 187407   
3          16.17        22.99   1750                 201682   
4          21.89        29.99   1750                 138109   

   TotalPurchaseDollars  TotalSalesQuantity  TotalSalesDollars  \
0            3811251.60            142049.0         5101919.51   
1            3804041.22            160247.0         4819073.49   
2            3418303.68            187140.0         4538120.60   
3            3261197.94            200412.0         4475972.88   
4            3023206.01            135838.0         4223107.62   

   TotalSalesPrice  TotalExciseTax  FreightCost  
0        672819.31       260999.20     68601.68  
1        561512.37       294438.66    144929.24  
2        461140.15       343854.07    123780.22  
3        420050.01       368242.80    257032.07  
4        545778.28       249587.83    257032.07  
2026-03-27 21:17:38,090 - INFO - Cleaning Data....
2026-03-27 21:17:38,105 - INFO -    VendorNumber                VendorName  Brand              Description  \
0          1128         BROWN-FORMAN CORP   1233  Jack Daniels No 7 Black   
1          4425     MARTIGNETTI COMPANIES   3405    Tito's Handmade Vodka   
2         17035         PERNOD RICARD USA   8068         Absolut 80 Proof   
3          3960  DIAGEO NORTH AMERICA INC   4261   Capt Morgan Spiced Rum   
4          3960  DIAGEO NORTH AMERICA INC   3545          Ketel One Vodka   

   PurchasePrice  ActualPrice  Volume  TotalPurchaseQuantity  \
0          26.27        36.99  1750.0                 145080   
1          23.19        28.99  1750.0                 164038   
2          18.24        24.99  1750.0                 187407   
3          16.17        22.99  1750.0                 201682   
4          21.89        29.99  1750.0                 138109   

   TotalPurchaseDollars  TotalSalesQuantity  TotalSalesDollars  \
0            3811251.60            142049.0         5101919.51   
1            3804041.22            160247.0         4819073.49   
2            3418303.68            187140.0         4538120.60   
3            3261197.94            200412.0         4475972.88   
4            3023206.01            135838.0         4223107.62   

   TotalSalesPrice  TotalExciseTax  FreightCost  
0        672819.31       260999.20     68601.68  
1        561512.37       294438.66    144929.24  
2        461140.15       343854.07    123780.22  
3        420050.01       368242.80    257032.07  
4        545778.28       249587.83    257032.07  
2026-03-27 21:17:38,107 - INFO - Columns after cleaning: ['VendorNumber', 'VendorName', 'Brand', 'Description', 'PurchasePrice', 'ActualPrice', 'Volume', 'TotalPurchaseQuantity', 'TotalPurchaseDollars', 'TotalSalesQuantity', 'TotalSalesDollars', 'TotalSalesPrice', 'TotalExciseTax', 'FreightCost']
2026-03-27 21:17:38,107 - INFO - Ingesting data....
2026-03-27 21:18:07,991 - INFO - Creating Vendor Summary Table....
2026-03-27 21:18:34,290 - INFO -    VendorNumber                   VendorName  Brand              Description  \
0          1128  BROWN-FORMAN CORP             1233  Jack Daniels No 7 Black   
1          4425        MARTIGNETTI COMPANIES   3405    Tito's Handmade Vodka   
2         17035  PERNOD RICARD USA             8068         Absolut 80 Proof   
3          3960  DIAGEO NORTH AMERICA INC      4261   Capt Morgan Spiced Rum   
4          3960  DIAGEO NORTH AMERICA INC      3545          Ketel One Vodka   

   PurchasePrice  ActualPrice Volume  TotalPurchaseQuantity  \
0          26.27        36.99   1750                 145080   
1          23.19        28.99   1750                 164038   
2          18.24        24.99   1750                 187407   
3          16.17        22.99   1750                 201682   
4          21.89        29.99   1750                 138109   

   TotalPurchaseDollars  TotalSalesQuantity  TotalSalesDollars  \
0            3811251.60            142049.0         5101919.51   
1            3804041.22            160247.0         4819073.49   
2            3418303.68            187140.0         4538120.60   
3            3261197.94            200412.0         4475972.88   
4            3023206.01            135838.0         4223107.62   

   TotalSalesPrice  TotalExciseTax  FreightCost  
0        672819.31       260999.20     68601.68  
1        561512.37       294438.66    144929.24  
2        461140.15       343854.07    123780.22  
3        420050.01       368242.80    257032.07  
4        545778.28       249587.83    257032.07  
2026-03-27 21:18:34,298 - INFO - Cleaning Data....
2026-03-27 21:18:34,313 - INFO -    VendorNumber                VendorName  Brand              Description  \
0          1128         BROWN-FORMAN CORP   1233  Jack Daniels No 7 Black   
1          4425     MARTIGNETTI COMPANIES   3405    Tito's Handmade Vodka   
2         17035         PERNOD RICARD USA   8068         Absolut 80 Proof   
3          3960  DIAGEO NORTH AMERICA INC   4261   Capt Morgan Spiced Rum   
4          3960  DIAGEO NORTH AMERICA INC   3545          Ketel One Vodka   

   PurchasePrice  ActualPrice  Volume  TotalPurchaseQuantity  \
0          26.27        36.99  1750.0                 145080   
1          23.19        28.99  1750.0                 164038   
2          18.24        24.99  1750.0                 187407   
3          16.17        22.99  1750.0                 201682   
4          21.89        29.99  1750.0                 138109   

   TotalPurchaseDollars  TotalSalesQuantity  TotalSalesDollars  \
0            3811251.60            142049.0         5101919.51   
1            3804041.22            160247.0         4819073.49   
2            3418303.68            187140.0         4538120.60   
3            3261197.94            200412.0         4475972.88   
4            3023206.01            135838.0         4223107.62   

   TotalSalesPrice  TotalExciseTax  FreightCost  
0        672819.31       260999.20     68601.68  
1        561512.37       294438.66    144929.24  
2        461140.15       343854.07    123780.22  
3        420050.01       368242.80    257032.07  
4        545778.28       249587.83    257032.07  
2026-03-27 21:18:34,314 - INFO - Columns after cleaning: ['VendorNumber', 'VendorName', 'Brand', 'Description', 'PurchasePrice', 'ActualPrice', 'Volume', 'TotalPurchaseQuantity', 'TotalPurchaseDollars', 'TotalSalesQuantity', 'TotalSalesDollars', 'TotalSalesPrice', 'TotalExciseTax', 'FreightCost']
2026-03-27 21:18:34,314 - INFO - Ingesting data....
2026-03-27 21:18:34,347 - INFO - Completed
2026-03-27 21:19:35,415 - INFO - ========== START CREATING VENDOR SUMMARY ==========
2026-03-27 21:19:35,416 - INFO - Creating Vendor Summary Table....
2026-03-27 21:20:02,399 - INFO - Created summary with 10,692 rows
2026-03-27 21:20:02,401 - INFO - Cleaning Data and calculating metrics....
2026-03-27 21:20:02,431 - INFO - Columns after cleaning: ['VendorNumber', 'VendorName', 'Brand', 'Description', 'PurchasePrice', 'ActualPrice', 'Volume', 'TotalPurchaseQuantity', 'TotalPurchaseDollars', 'TotalSalesQuantity', 'TotalSalesDollars', 'TotalSalesPrice', 'TotalExciseTax', 'FreightCost', 'GrossProfit', 'ProfitMargin', 'StockTurnover', 'SalesToPurchaseRatio']
2026-03-27 21:20:02,431 - INFO - First 5 rows after cleaning:
2026-03-27 21:20:02,434 - INFO -    VendorNumber                VendorName  Brand              Description  PurchasePrice  ActualPrice  Volume  TotalPurchaseQuantity  TotalPurchaseDollars  TotalSalesQuantity  TotalSalesDollars  TotalSalesPrice  TotalExciseTax  FreightCost  GrossProfit  ProfitMargin  StockTurnover  SalesToPurchaseRatio
0          1128         BROWN-FORMAN CORP   1233  Jack Daniels No 7 Black          26.27        36.99  1750.0                 145080            3811251.60            142049.0         5101919.51        672819.31       260999.20     68601.68   1290667.91     25.297693       0.979108              1.338647
1          4425     MARTIGNETTI COMPANIES   3405    Tito's Handmade Vodka          23.19        28.99  1750.0                 164038            3804041.22            160247.0         4819073.49        561512.37       294438.66    144929.24   1015032.27     21.062810       0.976890              1.266830
2         17035         PERNOD RICARD USA   8068         Absolut 80 Proof          18.24        24.99  1750.0                 187407            3418303.68            187140.0         4538120.60        461140.15       343854.07    123780.22   1119816.92     24.675786       0.998575              1.327594
3          3960  DIAGEO NORTH AMERICA INC   4261   Capt Morgan Spiced Rum          16.17        22.99  1750.0                 201682            3261197.94            200412.0         4475972.88        420050.01       368242.80    257032.07   1214774.94     27.139908       0.993703              1.372493
4          3960  DIAGEO NORTH AMERICA INC   3545          Ketel One Vodka          21.89        29.99  1750.0                 138109            3023206.01            135838.0         4223107.62        545778.28       249587.83    257032.07   1199901.61     28.412764       0.983556              1.396897
2026-03-27 21:20:02,434 - INFO - Ingesting data into vendor_sales_summary table....
2026-03-27 21:20:02,528 - INFO - ========== PROCESS COMPLETED SUCCESSFULLY ==========
